<?xml version="1.0" encoding="UTF-8"?>
<TestRun id="f3ba892a-bc1c-4ffc-b08a-c0d4298d5d2b" name="dxs@BOXEE 2012-02-25 00:36:09" runUser="Boxee\dxs" xmlns="http://microsoft.com/schemas/VisualStudio/TeamTest/2010">
  <TestSettings name="Local" id="928cc95a-db66-4551-a680-78ec47033b7e">
    <Description>These are default test settings for a local test run.</Description>
    <Deployment enabled="false" runDeploymentRoot="dxs_BOXEE 2012-02-25 00_36_09">
      <DeploymentItem filename="c:\users\dxs\documents\visual studio 2010\Projects\TVFeeder\TVFeederLib\bin\Debug\TVFeederLib.dll" />
    </Deployment>
    <Execution>
      <TestTypeSpecific />
      <AgentRule name="Execution Agents">
      </AgentRule>
    </Execution>
  </TestSettings>
  <Times creation="2012-02-25T00:36:09.0136298-08:00" queuing="2012-02-25T00:36:12.0556351-08:00" start="2012-02-25T00:36:12.2428355-08:00" finish="2012-02-25T00:37:16.6682029-08:00" />
  <ResultSummary outcome="Error">
    <Counters total="1" executed="1" error="0" failed="0" timeout="0" aborted="1" inconclusive="0" passedButRunAborted="0" notRunnable="0" notExecuted="0" disconnected="0" warning="0" passed="0" completed="0" inProgress="0" pending="0" />
    <RunInfos>
      <RunInfo computerName="BOXEE" outcome="Error" timestamp="2012-02-25T00:37:16.6682029-08:00">
        <Text>Test host process exited unexpectedly.</Text>
      </RunInfo>
    </RunInfos>
  </ResultSummary>
  <TestDefinitions>
    <UnitTest name="CanReadAnRSSUrl" storage="c:\users\dxs\documents\visual studio 2010\projects\tvfeeder\testtvfeederlib\bin\debug\testtvfeederlib.dll" id="1f7aed8c-78e7-cac9-80d3-6e6a9d720f53">
      <Execution id="d8354e09-9849-4c99-9d70-e89a258b7587" />
      <TestMethod codeBase="c:/users/dxs/documents/visual studio 2010/Projects/TVFeeder/TestTVFeederLib/bin/Debug/TestTVFeederLib.DLL" adapterTypeName="Microsoft.VisualStudio.TestTools.TestTypes.Unit.UnitTestAdapter, Microsoft.VisualStudio.QualityTools.Tips.UnitTest.Adapter, Version=10.0.0.0, Culture=neutral, PublicKeyToken=b03f5f7f11d50a3a" className="TestTVFeederLib.RssManager, TestTVFeederLib, Version=1.0.0.0, Culture=neutral, PublicKeyToken=null" name="CanReadAnRSSUrl" />
    </UnitTest>
  </TestDefinitions>
  <TestLists>
    <TestList name="Results Not in a List" id="8c84fa94-04c1-424b-9868-57a2d4851a1d" />
    <TestList name="All Loaded Results" id="19431567-8539-422a-85d7-44ee4e166bda" />
  </TestLists>
  <TestEntries>
    <TestEntry testId="1f7aed8c-78e7-cac9-80d3-6e6a9d720f53" executionId="d8354e09-9849-4c99-9d70-e89a258b7587" testListId="8c84fa94-04c1-424b-9868-57a2d4851a1d" />
  </TestEntries>
  <Results>
    <UnitTestResult executionId="d8354e09-9849-4c99-9d70-e89a258b7587" testId="1f7aed8c-78e7-cac9-80d3-6e6a9d720f53" testName="CanReadAnRSSUrl" computerName="BOXEE" duration="00:01:04.2537671" startTime="2012-02-25T00:36:12.4144358-08:00" endTime="2012-02-25T00:37:16.6682029-08:00" testType="13cdc9d9-ddb5-4fa4-a97d-d965ccfc6d4b" outcome="Aborted" testListId="8c84fa94-04c1-424b-9868-57a2d4851a1d" relativeResultsDirectory="d8354e09-9849-4c99-9d70-e89a258b7587">
    </UnitTestResult>
  </Results>
</TestRun>