<?xml version="1.0" encoding="UTF-8"?>
<TestRun id="7c46883f-fb58-4efb-af77-926c15a200c3" name="dxs@BOXEE 2012-02-25 00:35:49" runUser="Boxee\dxs" xmlns="http://microsoft.com/schemas/VisualStudio/TeamTest/2010">
  <TestSettings name="Local" id="928cc95a-db66-4551-a680-78ec47033b7e">
    <Description>These are default test settings for a local test run.</Description>
    <Deployment enabled="false" runDeploymentRoot="dxs_BOXEE 2012-02-25 00_35_49">
      <DeploymentItem filename="c:\users\dxs\documents\visual studio 2010\Projects\TVFeeder\TVFeederLib\bin\Debug\TVFeederLib.dll" />
    </Deployment>
    <Execution>
      <TestTypeSpecific />
      <AgentRule name="Execution Agents">
      </AgentRule>
    </Execution>
  </TestSettings>
  <Times creation="2012-02-25T00:35:49.3011220-08:00" queuing="2012-02-25T00:35:51.3811501-08:00" start="2012-02-25T00:35:51.5839505-08:00" finish="2012-02-25T00:35:55.9831582-08:00" />
  <ResultSummary outcome="Completed">
    <Counters total="1" executed="1" passed="1" error="0" failed="0" timeout="0" aborted="0" inconclusive="0" passedButRunAborted="0" notRunnable="0" notExecuted="0" disconnected="0" warning="0" completed="0" inProgress="0" pending="0" />
  </ResultSummary>
  <TestDefinitions>
    <UnitTest name="CanReadAnRSSUrl" storage="c:\users\dxs\documents\visual studio 2010\projects\tvfeeder\testtvfeederlib\bin\debug\testtvfeederlib.dll" id="1f7aed8c-78e7-cac9-80d3-6e6a9d720f53">
      <Execution id="e51cb6e7-d54d-475c-ad6d-a42b25f41013" />
      <TestMethod codeBase="c:/users/dxs/documents/visual studio 2010/Projects/TVFeeder/TestTVFeederLib/bin/Debug/TestTVFeederLib.DLL" adapterTypeName="Microsoft.VisualStudio.TestTools.TestTypes.Unit.UnitTestAdapter, Microsoft.VisualStudio.QualityTools.Tips.UnitTest.Adapter, Version=10.0.0.0, Culture=neutral, PublicKeyToken=b03f5f7f11d50a3a" className="TestTVFeederLib.RssManager, TestTVFeederLib, Version=1.0.0.0, Culture=neutral, PublicKeyToken=null" name="CanReadAnRSSUrl" />
    </UnitTest>
  </TestDefinitions>
  <TestLists>
    <TestList name="Results Not in a List" id="8c84fa94-04c1-424b-9868-57a2d4851a1d" />
    <TestList name="All Loaded Results" id="19431567-8539-422a-85d7-44ee4e166bda" />
  </TestLists>
  <TestEntries>
    <TestEntry testId="1f7aed8c-78e7-cac9-80d3-6e6a9d720f53" executionId="e51cb6e7-d54d-475c-ad6d-a42b25f41013" testListId="8c84fa94-04c1-424b-9868-57a2d4851a1d" />
  </TestEntries>
  <Results>
    <UnitTestResult executionId="e51cb6e7-d54d-475c-ad6d-a42b25f41013" testId="1f7aed8c-78e7-cac9-80d3-6e6a9d720f53" testName="CanReadAnRSSUrl" computerName="BOXEE" duration="00:00:03.9103794" startTime="2012-02-25T00:35:51.6463506-08:00" endTime="2012-02-25T00:35:55.8739580-08:00" testType="13cdc9d9-ddb5-4fa4-a97d-d965ccfc6d4b" outcome="Passed" testListId="8c84fa94-04c1-424b-9868-57a2d4851a1d" relativeResultsDirectory="e51cb6e7-d54d-475c-ad6d-a42b25f41013">
    </UnitTestResult>
  </Results>
</TestRun>